<?xml version="1.0" encoding="UTF-8"?>
<testsuite xmlns:xsi="http://www.w3.org/2001/XMLSchema-instance" xsi:noNamespaceSchemaLocation="https://maven.apache.org/surefire/maven-failsafe-plugin/xsd/failsafe-test-report.xsd" name="nz.ac.auckland.parolee.services.ParoleeWebServiceIT" time="1.259" tests="10" errors="0" skipped="0" failures="0">
  <properties>
[...]
</properties>
  <testcase name="queryParoleeMovements" classname="nz.ac.auckland.parolee.services.ParoleeWebServiceIT" time="0.475"/>
  <testcase name="addParoleeMovement" classname="nz.ac.auckland.parolee.services.ParoleeWebServiceIT" time="0.082"/>
  <testcase name="updateCriminalProfile" classname="nz.ac.auckland.parolee.services.ParoleeWebServiceIT" time="0.043"/>
  <testcase name="queryParolee" classname="nz.ac.auckland.parolee.services.ParoleeWebServiceIT" time="0.016"/>
  <testcase name="addParolee" classname="nz.ac.auckland.parolee.services.ParoleeWebServiceIT" time="0.02"/>
  <testcase name="queryAllParoleesUsingHATEOAS" classname="nz.ac.auckland.parolee.services.ParoleeWebServiceIT" time="0.039"/>
  <testcase name="queryAllParolees" classname="nz.ac.auckland.parolee.services.ParoleeWebServiceIT" time="0.022"/>
  <testcase name="queryParoleeWithResponse" classname="nz.ac.auckland.parolee.services.ParoleeWebServiceIT" time="0.017"/>
  <testcase name="updateParolee" classname="nz.ac.auckland.parolee.services.ParoleeWebServiceIT" time="0.023"/>
  <testcase name="updateDissassociates" classname="nz.ac.auckland.parolee.services.ParoleeWebServiceIT" time="0.047"/>
</testsuite>